{"total": {"lines":{"total":43,"covered":27,"skipped":0,"pct":62.79},"statements":{"total":45,"covered":28,"skipped":0,"pct":62.22},"functions":{"total":8,"covered":6,"skipped":0,"pct":75},"branches":{"total":20,"covered":5,"skipped":0,"pct":25},"branchesTrue":{"total":0,"covered":0,"skipped":0,"pct":"Unknown"}}
,"/Users/gualtiero/code/quasar-2-test-coverage/.quasar/app.js": {"lines":{"total":8,"covered":8,"skipped":0,"pct":100},"functions":{"total":1,"covered":1,"skipped":0,"pct":100},"statements":{"total":8,"covered":8,"skipped":0,"pct":100},"branches":{"total":4,"covered":2,"skipped":0,"pct":50}}
,"/Users/gualtiero/code/quasar-2-test-coverage/.quasar/client-entry.js": {"lines":{"total":35,"covered":19,"skipped":0,"pct":54.28},"functions":{"total":7,"covered":5,"skipped":0,"pct":71.42},"statements":{"total":37,"covered":20,"skipped":0,"pct":54.05},"branches":{"total":16,"covered":3,"skipped":0,"pct":18.75}}
,"/Users/gualtiero/code/quasar-2-test-coverage/.quasar/quasar-user-options.js": {"lines":{"total":0,"covered":0,"skipped":0,"pct":0},"functions":{"total":0,"covered":0,"skipped":0,"pct":0},"statements":{"total":0,"covered":0,"skipped":0,"pct":0},"branches":{"total":0,"covered":0,"skipped":0,"pct":0}}
}
