{"/Users/gualtiero/code/quasar-2-test-coverage/.quasar/app.js": {"path":"/Users/gualtiero/code/quasar-2-test-coverage/.quasar/app.js","statementMap":{"0":{"start":{"line":30,"column":16},"end":{"line":32,"column":17}},"1":{"start":{"line":35,"column":23},"end":{"line":35,"column":58}},"2":{"start":{"line":37,"column":17},"end":{"line":39,"column":18}},"3":{"start":{"line":42,"column":2},"end":{"line":42,"column":24}},"4":{"start":{"line":47,"column":14},"end":{"line":47,"column":40}},"5":{"start":{"line":50,"column":2},"end":{"line":50,"column":28}},"6":{"start":{"line":53,"column":2},"end":{"line":53,"column":36}},"7":{"start":{"line":60,"column":2},"end":{"line":64,"column":3}}},"fnMap":{"0":{"name":"(anonymous_0)","decl":{"start":{"line":27,"column":15},"end":{"line":27,"column":16}},"loc":{"start":{"line":27,"column":63},"end":{"line":65,"column":1}},"line":27}},"branchMap":{"0":{"loc":{"start":{"line":30,"column":16},"end":{"line":32,"column":17}},"type":"cond-expr","locations":[{"start":{"line":31,"column":6},"end":{"line":31,"column":27}},{"start":{"line":32,"column":6},"end":{"line":32,"column":17}}],"line":30},"1":{"loc":{"start":{"line":37,"column":17},"end":{"line":39,"column":18}},"type":"cond-expr","locations":[{"start":{"line":38,"column":6},"end":{"line":38,"column":33}},{"start":{"line":39,"column":6},"end":{"line":39,"column":18}}],"line":37}},"s":{"0":1,"1":1,"2":1,"3":1,"4":1,"5":1,"6":1,"7":1},"f":{"0":1},"b":{"0":[1,0],"1":[1,0]},"_coverageSchema":"1a1c01bbd47fc00a2c39e90264f33305004495a9","hash":"c887a50c2fbbcda6764e9d4569cb80e47b8c963e"}
,"/Users/gualtiero/code/quasar-2-test-coverage/.quasar/client-entry.js": {"path":"/Users/gualtiero/code/quasar-2-test-coverage/.quasar/client-entry.js","statementMap":{"0":{"start":{"line":46,"column":0},"end":{"line":46,"column":37}},"1":{"start":{"line":52,"column":19},"end":{"line":52,"column":21}},"2":{"start":{"line":59,"column":22},"end":{"line":59,"column":27}},"3":{"start":{"line":60,"column":25},"end":{"line":67,"column":3}},"4":{"start":{"line":61,"column":4},"end":{"line":62,"column":18}},"5":{"start":{"line":61,"column":10},"end":{"line":61,"column":41}},"6":{"start":{"line":64,"column":4},"end":{"line":66,"column":11}},"7":{"start":{"line":68,"column":19},"end":{"line":83,"column":3}},"8":{"start":{"line":69,"column":4},"end":{"line":69,"column":24}},"9":{"start":{"line":71,"column":4},"end":{"line":74,"column":5}},"10":{"start":{"line":72,"column":6},"end":{"line":72,"column":32}},"11":{"start":{"line":73,"column":6},"end":{"line":73,"column":12}},"12":{"start":{"line":76,"column":17},"end":{"line":76,"column":36}},"13":{"start":{"line":79,"column":4},"end":{"line":82,"column":5}},"14":{"start":{"line":80,"column":6},"end":{"line":80,"column":33}},"15":{"start":{"line":81,"column":6},"end":{"line":81,"column":30}},"16":{"start":{"line":85,"column":18},"end":{"line":85,"column":74}},"17":{"start":{"line":87,"column":2},"end":{"line":108,"column":3}},"18":{"start":{"line":87,"column":15},"end":{"line":87,"column":16}},"19":{"start":{"line":88,"column":4},"end":{"line":107,"column":5}},"20":{"start":{"line":89,"column":6},"end":{"line":97,"column":8}},"21":{"start":{"line":100,"column":6},"end":{"line":103,"column":7}},"22":{"start":{"line":101,"column":8},"end":{"line":101,"column":25}},"23":{"start":{"line":102,"column":8},"end":{"line":102,"column":14}},"24":{"start":{"line":105,"column":6},"end":{"line":105,"column":48}},"25":{"start":{"line":106,"column":6},"end":{"line":106,"column":12}},"26":{"start":{"line":110,"column":2},"end":{"line":112,"column":3}},"27":{"start":{"line":111,"column":4},"end":{"line":111,"column":10}},"28":{"start":{"line":115,"column":2},"end":{"line":115,"column":17}},"29":{"start":{"line":116,"column":2},"end":{"line":116,"column":26}},"30":{"start":{"line":123,"column":6},"end":{"line":123,"column":25}},"31":{"start":{"line":132,"column":0},"end":{"line":148,"column":4}},"32":{"start":{"line":135,"column":4},"end":{"line":147,"column":6}},"33":{"start":{"line":142,"column":19},"end":{"line":144,"column":53}},"34":{"start":{"line":143,"column":22},"end":{"line":143,"column":35}},"35":{"start":{"line":144,"column":25},"end":{"line":144,"column":52}},"36":{"start":{"line":146,"column":6},"end":{"line":146,"column":22}}},"fnMap":{"0":{"name":"start","decl":{"start":{"line":55,"column":15},"end":{"line":55,"column":20}},"loc":{"start":{"line":55,"column":67},"end":{"line":130,"column":1}},"line":55},"1":{"name":"(anonymous_1)","decl":{"start":{"line":60,"column":25},"end":{"line":60,"column":26}},"loc":{"start":{"line":60,"column":32},"end":{"line":67,"column":3}},"line":60},"2":{"name":"(anonymous_2)","decl":{"start":{"line":68,"column":19},"end":{"line":68,"column":20}},"loc":{"start":{"line":68,"column":26},"end":{"line":83,"column":3}},"line":68},"3":{"name":"(anonymous_3)","decl":{"start":{"line":134,"column":8},"end":{"line":134,"column":9}},"loc":{"start":{"line":134,"column":15},"end":{"line":148,"column":3}},"line":134},"4":{"name":"(anonymous_4)","decl":{"start":{"line":141,"column":12},"end":{"line":141,"column":13}},"loc":{"start":{"line":141,"column":25},"end":{"line":147,"column":5}},"line":141},"5":{"name":"(anonymous_5)","decl":{"start":{"line":143,"column":13},"end":{"line":143,"column":14}},"loc":{"start":{"line":143,"column":22},"end":{"line":143,"column":35}},"line":143},"6":{"name":"(anonymous_6)","decl":{"start":{"line":144,"column":16},"end":{"line":144,"column":17}},"loc":{"start":{"line":144,"column":25},"end":{"line":144,"column":52}},"line":144}},"branchMap":{"0":{"loc":{"start":{"line":64,"column":11},"end":{"line":66,"column":11}},"type":"cond-expr","locations":[{"start":{"line":65,"column":8},"end":{"line":65,"column":12}},{"start":{"line":66,"column":8},"end":{"line":66,"column":11}}],"line":64},"1":{"loc":{"start":{"line":71,"column":4},"end":{"line":74,"column":5}},"type":"if","locations":[{"start":{"line":71,"column":4},"end":{"line":74,"column":5}},{"start":{},"end":{}}],"line":71},"2":{"loc":{"start":{"line":71,"column":8},"end":{"line":71,"column":59}},"type":"binary-expr","locations":[{"start":{"line":71,"column":8},"end":{"line":71,"column":31}},{"start":{"line":71,"column":35},"end":{"line":71,"column":59}}],"line":71},"3":{"loc":{"start":{"line":79,"column":4},"end":{"line":82,"column":5}},"type":"if","locations":[{"start":{"line":79,"column":4},"end":{"line":82,"column":5}},{"start":{},"end":{}}],"line":79},"4":{"loc":{"start":{"line":87,"column":18},"end":{"line":87,"column":65}},"type":"binary-expr","locations":[{"start":{"line":87,"column":18},"end":{"line":87,"column":41}},{"start":{"line":87,"column":45},"end":{"line":87,"column":65}}],"line":87},"5":{"loc":{"start":{"line":100,"column":6},"end":{"line":103,"column":7}},"type":"if","locations":[{"start":{"line":100,"column":6},"end":{"line":103,"column":7}},{"start":{},"end":{}}],"line":100},"6":{"loc":{"start":{"line":100,"column":10},"end":{"line":100,"column":24}},"type":"binary-expr","locations":[{"start":{"line":100,"column":10},"end":{"line":100,"column":13}},{"start":{"line":100,"column":17},"end":{"line":100,"column":24}}],"line":100},"7":{"loc":{"start":{"line":110,"column":2},"end":{"line":112,"column":3}},"type":"if","locations":[{"start":{"line":110,"column":2},"end":{"line":112,"column":3}},{"start":{},"end":{}}],"line":110}},"s":{"0":1,"1":1,"2":1,"3":1,"4":0,"5":0,"6":0,"7":1,"8":0,"9":0,"10":0,"11":0,"12":0,"13":0,"14":0,"15":0,"16":1,"17":1,"18":1,"19":2,"20":2,"21":0,"22":0,"23":0,"24":0,"25":0,"26":1,"27":0,"28":1,"29":1,"30":1,"31":1,"32":1,"33":1,"34":2,"35":2,"36":1},"f":{"0":1,"1":0,"2":0,"3":1,"4":1,"5":2,"6":2},"b":{"0":[0,0],"1":[0,0],"2":[0,0],"3":[0,0],"4":[3,3],"5":[0,0],"6":[0,0],"7":[0,1]},"_coverageSchema":"1a1c01bbd47fc00a2c39e90264f33305004495a9","hash":"6159407a02b5814bd96c3078a7f7167a586ae532"}
,"/Users/gualtiero/code/quasar-2-test-coverage/.quasar/quasar-user-options.js": {"path":"/Users/gualtiero/code/quasar-2-test-coverage/.quasar/quasar-user-options.js","statementMap":{},"fnMap":{},"branchMap":{},"s":{},"f":{},"b":{},"_coverageSchema":"1a1c01bbd47fc00a2c39e90264f33305004495a9","hash":"f63f9a531c9bc3ec7dd9a20079b66aebab38fb5e"}
}
