{"/Users/riyaz/Documents/workSpace/quasar-2-test-coverage/src/App.vue": {"path":"/Users/riyaz/Documents/workSpace/quasar-2-test-coverage/src/App.vue","statementMap":{},"fnMap":{},"branchMap":{},"s":{},"f":{},"b":{}}
,"/Users/riyaz/Documents/workSpace/quasar-2-test-coverage/src/boot/axios.ts": {"path":"/Users/riyaz/Documents/workSpace/quasar-2-test-coverage/src/boot/axios.ts","statementMap":{},"fnMap":{},"branchMap":{},"s":{},"f":{},"b":{}}
,"/Users/riyaz/Documents/workSpace/quasar-2-test-coverage/src/boot/i18n.ts": {"path":"/Users/riyaz/Documents/workSpace/quasar-2-test-coverage/src/boot/i18n.ts","statementMap":{},"fnMap":{},"branchMap":{},"s":{},"f":{},"b":{}}
,"/Users/riyaz/Documents/workSpace/quasar-2-test-coverage/src/components/CompositionComponent.vue": {"path":"/Users/riyaz/Documents/workSpace/quasar-2-test-coverage/src/components/CompositionComponent.vue","statementMap":{},"fnMap":{},"branchMap":{},"s":{},"f":{},"b":{}}
,"/Users/riyaz/Documents/workSpace/quasar-2-test-coverage/src/components/EssentialLink.vue": {"path":"/Users/riyaz/Documents/workSpace/quasar-2-test-coverage/src/components/EssentialLink.vue","statementMap":{},"fnMap":{},"branchMap":{},"s":{},"f":{},"b":{}}
,"/Users/riyaz/Documents/workSpace/quasar-2-test-coverage/src/components/QuasarButton.vue": {"path":"/Users/riyaz/Documents/workSpace/quasar-2-test-coverage/src/components/QuasarButton.vue","statementMap":{},"fnMap":{},"branchMap":{},"s":{},"f":{},"b":{}}
,"/Users/riyaz/Documents/workSpace/quasar-2-test-coverage/src/components/QuasarDialog.vue": {"path":"/Users/riyaz/Documents/workSpace/quasar-2-test-coverage/src/components/QuasarDialog.vue","statementMap":{},"fnMap":{},"branchMap":{},"s":{},"f":{},"b":{}}
,"/Users/riyaz/Documents/workSpace/quasar-2-test-coverage/src/components/QuasarDrawer.vue": {"path":"/Users/riyaz/Documents/workSpace/quasar-2-test-coverage/src/components/QuasarDrawer.vue","statementMap":{},"fnMap":{},"branchMap":{},"s":{},"f":{},"b":{}}
,"/Users/riyaz/Documents/workSpace/quasar-2-test-coverage/src/components/QuasarPageSticky.vue": {"path":"/Users/riyaz/Documents/workSpace/quasar-2-test-coverage/src/components/QuasarPageSticky.vue","statementMap":{},"fnMap":{},"branchMap":{},"s":{},"f":{},"b":{}}
,"/Users/riyaz/Documents/workSpace/quasar-2-test-coverage/src/components/QuasarTooltip.vue": {"path":"/Users/riyaz/Documents/workSpace/quasar-2-test-coverage/src/components/QuasarTooltip.vue","statementMap":{},"fnMap":{},"branchMap":{},"s":{},"f":{},"b":{}}
,"/Users/riyaz/Documents/workSpace/quasar-2-test-coverage/src/components/Sample.vue": {"path":"/Users/riyaz/Documents/workSpace/quasar-2-test-coverage/src/components/Sample.vue","statementMap":{},"fnMap":{},"branchMap":{},"s":{},"f":{},"b":{}}
,"/Users/riyaz/Documents/workSpace/quasar-2-test-coverage/src/components/models.ts": {"path":"/Users/riyaz/Documents/workSpace/quasar-2-test-coverage/src/components/models.ts","statementMap":{},"fnMap":{},"branchMap":{},"s":{},"f":{},"b":{}}
,"/Users/riyaz/Documents/workSpace/quasar-2-test-coverage/src/i18n/index.ts": {"path":"/Users/riyaz/Documents/workSpace/quasar-2-test-coverage/src/i18n/index.ts","statementMap":{},"fnMap":{},"branchMap":{},"s":{},"f":{},"b":{}}
,"/Users/riyaz/Documents/workSpace/quasar-2-test-coverage/src/i18n/en-US/index.ts": {"path":"/Users/riyaz/Documents/workSpace/quasar-2-test-coverage/src/i18n/en-US/index.ts","statementMap":{},"fnMap":{},"branchMap":{},"s":{},"f":{},"b":{}}
,"/Users/riyaz/Documents/workSpace/quasar-2-test-coverage/src/pages/Error404.vue": {"path":"/Users/riyaz/Documents/workSpace/quasar-2-test-coverage/src/pages/Error404.vue","statementMap":{},"fnMap":{},"branchMap":{},"s":{},"f":{},"b":{}}
,"/Users/riyaz/Documents/workSpace/quasar-2-test-coverage/src/pages/Index.vue": {"path":"/Users/riyaz/Documents/workSpace/quasar-2-test-coverage/src/pages/Index.vue","statementMap":{},"fnMap":{},"branchMap":{},"s":{},"f":{},"b":{}}
,"/Users/riyaz/Documents/workSpace/quasar-2-test-coverage/src/router/index.ts": {"path":"/Users/riyaz/Documents/workSpace/quasar-2-test-coverage/src/router/index.ts","statementMap":{},"fnMap":{},"branchMap":{},"s":{},"f":{},"b":{}}
,"/Users/riyaz/Documents/workSpace/quasar-2-test-coverage/src/router/routes.ts": {"path":"/Users/riyaz/Documents/workSpace/quasar-2-test-coverage/src/router/routes.ts","statementMap":{},"fnMap":{},"branchMap":{},"s":{},"f":{},"b":{}}
,"/Users/riyaz/Documents/workSpace/quasar-2-test-coverage/src/store/index.ts": {"path":"/Users/riyaz/Documents/workSpace/quasar-2-test-coverage/src/store/index.ts","statementMap":{},"fnMap":{},"branchMap":{},"s":{},"f":{},"b":{}}
,"/Users/riyaz/Documents/workSpace/quasar-2-test-coverage/src/store/module-example/actions.ts": {"path":"/Users/riyaz/Documents/workSpace/quasar-2-test-coverage/src/store/module-example/actions.ts","statementMap":{},"fnMap":{},"branchMap":{},"s":{},"f":{},"b":{}}
,"/Users/riyaz/Documents/workSpace/quasar-2-test-coverage/src/store/module-example/getters.ts": {"path":"/Users/riyaz/Documents/workSpace/quasar-2-test-coverage/src/store/module-example/getters.ts","statementMap":{},"fnMap":{},"branchMap":{},"s":{},"f":{},"b":{}}
,"/Users/riyaz/Documents/workSpace/quasar-2-test-coverage/src/store/module-example/index.ts": {"path":"/Users/riyaz/Documents/workSpace/quasar-2-test-coverage/src/store/module-example/index.ts","statementMap":{},"fnMap":{},"branchMap":{},"s":{},"f":{},"b":{}}
,"/Users/riyaz/Documents/workSpace/quasar-2-test-coverage/src/store/module-example/mutations.ts": {"path":"/Users/riyaz/Documents/workSpace/quasar-2-test-coverage/src/store/module-example/mutations.ts","statementMap":{},"fnMap":{},"branchMap":{},"s":{},"f":{},"b":{}}
,"/Users/riyaz/Documents/workSpace/quasar-2-test-coverage/src/store/module-example/state.ts": {"path":"/Users/riyaz/Documents/workSpace/quasar-2-test-coverage/src/store/module-example/state.ts","statementMap":{},"fnMap":{},"branchMap":{},"s":{},"f":{},"b":{}}
,"/Users/riyaz/Documents/workSpace/quasar-2-test-coverage/test/cypress/plugins/index.ts": {"path":"/Users/riyaz/Documents/workSpace/quasar-2-test-coverage/test/cypress/plugins/index.ts","statementMap":{},"fnMap":{},"branchMap":{},"s":{},"f":{},"b":{}}
,"/Users/riyaz/Documents/workSpace/quasar-2-test-coverage/test/cypress/support/commands.ts": {"path":"/Users/riyaz/Documents/workSpace/quasar-2-test-coverage/test/cypress/support/commands.ts","statementMap":{},"fnMap":{},"branchMap":{},"s":{},"f":{},"b":{}}
,"/Users/riyaz/Documents/workSpace/quasar-2-test-coverage/test/cypress/support/index.ts": {"path":"/Users/riyaz/Documents/workSpace/quasar-2-test-coverage/test/cypress/support/index.ts","statementMap":{},"fnMap":{},"branchMap":{},"s":{},"f":{},"b":{}}
,"/Users/riyaz/Documents/workSpace/quasar-2-test-coverage/test/cypress/support/unit.ts": {"path":"/Users/riyaz/Documents/workSpace/quasar-2-test-coverage/test/cypress/support/unit.ts","statementMap":{},"fnMap":{},"branchMap":{},"s":{},"f":{},"b":{}}
,"/Users/riyaz/Documents/workSpace/quasar-2-test-coverage/test/cypress/wrappers/DialogWrapper.vue": {"path":"/Users/riyaz/Documents/workSpace/quasar-2-test-coverage/test/cypress/wrappers/DialogWrapper.vue","statementMap":{},"fnMap":{},"branchMap":{},"s":{},"f":{},"b":{}}
,"/Users/riyaz/Documents/workSpace/quasar-2-test-coverage/test/cypress/wrappers/LayoutContainer.vue": {"path":"/Users/riyaz/Documents/workSpace/quasar-2-test-coverage/test/cypress/wrappers/LayoutContainer.vue","statementMap":{},"fnMap":{},"branchMap":{},"s":{},"f":{},"b":{}}
}
