TN:
SF:.quasar/app.js
FN:27,(anonymous_0)
FNF:1
FNH:1
FNDA:1,(anonymous_0)
DA:30,1
DA:35,1
DA:37,1
DA:42,1
DA:47,1
DA:50,1
DA:53,1
DA:60,1
LF:8
LH:8
BRDA:30,0,0,1
BRDA:30,0,1,0
BRDA:37,1,0,1
BRDA:37,1,1,0
BRF:4
BRH:2
end_of_record
TN:
SF:.quasar/client-entry.js
FN:55,start
FN:60,(anonymous_1)
FN:68,(anonymous_2)
FN:134,(anonymous_3)
FN:141,(anonymous_4)
FN:143,(anonymous_5)
FN:144,(anonymous_6)
FNF:7
FNH:5
FNDA:1,start
FNDA:0,(anonymous_1)
FNDA:0,(anonymous_2)
FNDA:1,(anonymous_3)
FNDA:1,(anonymous_4)
FNDA:2,(anonymous_5)
FNDA:2,(anonymous_6)
DA:46,1
DA:52,1
DA:59,1
DA:60,1
DA:61,0
DA:64,0
DA:68,1
DA:69,0
DA:71,0
DA:72,0
DA:73,0
DA:76,0
DA:79,0
DA:80,0
DA:81,0
DA:85,1
DA:87,1
DA:88,2
DA:89,2
DA:100,0
DA:101,0
DA:102,0
DA:105,0
DA:106,0
DA:110,1
DA:111,0
DA:115,1
DA:116,1
DA:123,1
DA:132,1
DA:135,1
DA:142,1
DA:143,2
DA:144,2
DA:146,1
LF:35
LH:19
BRDA:64,0,0,0
BRDA:64,0,1,0
BRDA:71,1,0,0
BRDA:71,1,1,0
BRDA:71,2,0,0
BRDA:71,2,1,0
BRDA:79,3,0,0
BRDA:79,3,1,0
BRDA:87,4,0,3
BRDA:87,4,1,3
BRDA:100,5,0,0
BRDA:100,5,1,0
BRDA:100,6,0,0
BRDA:100,6,1,0
BRDA:110,7,0,0
BRDA:110,7,1,1
BRF:16
BRH:3
end_of_record
TN:
SF:.quasar/quasar-user-options.js
FNF:0
FNH:0
LF:0
LH:0
BRF:0
BRH:0
end_of_record
